=========================================================================

  JBoss Bootstrap Environment

  JBOSS_HOME: /workspace/spring-petclinic/keycloak-16.1.1

  JAVA: /home/gitpod/.sdkman/candidates/java/current/bin/java

  JAVA_OPTS:  -server -Xms64m -Xmx512m -XX:MetaspaceSize=96M -XX:MaxMetaspaceSize=256m -Djava.net.preferIPv4Stack=true -Djboss.modules.system.pkgs=org.jboss.byteman -Djava.awt.headless=true  --add-exports=java.desktop/sun.awt=ALL-UNNAMED --add-exports=java.naming/com.sun.jndi.ldap=ALL-UNNAMED --add-opens=java.base/java.lang=ALL-UNNAMED --add-opens=java.base/java.lang.invoke=ALL-UNNAMED --add-opens=java.base/java.lang.reflect=ALL-UNNAMED --add-opens=java.base/java.io=ALL-UNNAMED --add-opens=java.base/java.security=ALL-UNNAMED --add-opens=java.base/java.util=ALL-UNNAMED --add-opens=java.base/java.util.concurrent=ALL-UNNAMED --add-opens=java.management/javax.management=ALL-UNNAMED --add-opens=java.naming/javax.naming=ALL-UNNAMED

=========================================================================

Picked up JAVA_TOOL_OPTIONS: -XX:+UseContainerSupport -XX:ActiveProcessorCount=1
[0m06:01:32,877 INFO  [org.jboss.modules] (main) JBoss Modules version 2.0.0.Final
[0m[0m06:01:33,623 INFO  [org.jboss.msc] (main) JBoss MSC version 1.4.13.Final
[0m[0m06:01:33,632 INFO  [org.jboss.threads] (main) JBoss Threads version 2.4.0.Final
[0m[0m06:01:33,740 INFO  [org.jboss.as] (MSC service thread 1-2) WFLYSRV0049: Keycloak 16.1.1 (WildFly Core 18.0.4.Final) starting
[0mWARNING: An illegal reflective access operation has occurred
WARNING: Illegal reflective access by org.wildfly.extension.elytron.SSLDefinitions (jar:file:/workspace/spring-petclinic/keycloak-16.1.1/modules/system/layers/base/org/wildfly/extension/elytron/main/wildfly-elytron-integration-18.0.4.Final.jar!/) to method com.sun.net.ssl.internal.ssl.Provider.isFIPS()
WARNING: Please consider reporting this to the maintainers of org.wildfly.extension.elytron.SSLDefinitions
WARNING: Use --illegal-access=warn to enable warnings of further illegal reflective access operations
WARNING: All illegal access operations will be denied in a future release
[0m06:01:34,935 INFO  [org.wildfly.security] (ServerService Thread Pool -- 19) ELY00001: WildFly Elytron version 1.18.3.Final
[0m[0m06:01:36,533 INFO  [org.jboss.as.server] (Controller Boot Thread) WFLYSRV0039: Creating http management service using socket-binding (management-http)
[0m[0m06:01:36,545 INFO  [org.xnio] (MSC service thread 1-1) XNIO version 3.8.5.Final
[0m[0m06:01:36,550 INFO  [org.xnio.nio] (MSC service thread 1-1) XNIO NIO Implementation Version 3.8.5.Final
[0m[0m06:01:36,627 INFO  [org.jboss.as.jaxrs] (ServerService Thread Pool -- 38) WFLYRS0016: RESTEasy version 4.7.4.Final
[0m[33m06:01:36,629 WARN  [org.jboss.as.txn] (ServerService Thread Pool -- 49) WFLYTX0013: The node-identifier attribute on the /subsystem=transactions is set to the default value. This is a danger for environments running multiple servers. Please make sure the attribute value is unique.
[0m[0m06:01:36,631 INFO  [org.wildfly.extension.io] (ServerService Thread Pool -- 37) WFLYIO001: Worker 'default' has auto-configured to 2 IO threads with 16 max task threads based on your 1 available processors
[0m[0m06:01:36,634 INFO  [org.jboss.as.naming] (ServerService Thread Pool -- 45) WFLYNAM0001: Activating Naming Subsystem
[0m[0m06:01:36,634 INFO  [org.wildfly.extension.health] (ServerService Thread Pool -- 35) WFLYHEALTH0001: Activating Base Health Subsystem
[0m[0m06:01:36,635 INFO  [org.jboss.as.clustering.infinispan] (ServerService Thread Pool -- 36) WFLYCLINF0001: Activating Infinispan subsystem.
[0m[0m06:01:36,728 INFO  [org.wildfly.extension.metrics] (ServerService Thread Pool -- 44) WFLYMETRICS0001: Activating Base Metrics Subsystem
[0m[0m06:01:36,733 INFO  [org.jboss.remoting] (MSC service thread 1-2) JBoss Remoting version 5.0.23.Final
[0m[0m06:01:36,826 INFO  [org.jboss.as.connector.subsystems.datasources] (ServerService Thread Pool -- 30) WFLYJCA0004: Deploying JDBC-compliant driver class org.h2.Driver (version 1.4)
[0m[0m06:01:36,919 INFO  [org.jboss.as.connector] (MSC service thread 1-2) WFLYJCA0009: Starting Jakarta Connectors Subsystem (WildFly/IronJacamar 1.5.3.Final)
[0m[33m06:01:37,019 WARN  [org.wildfly.clustering.web.undertow] (ServerService Thread Pool -- 50) WFLYCLWEBUT0007: No routing provider found for default-server; using legacy provider based on static configuration
[0m[0m06:01:37,029 INFO  [org.wildfly.extension.undertow] (MSC service thread 1-1) WFLYUT0003: Undertow 2.2.14.Final starting
[0m[0m06:01:37,032 INFO  [org.jboss.as.connector.deployers.jdbc] (MSC service thread 1-1) WFLYJCA0018: Started Driver service with driver-name = h2
[0m[0m06:01:37,034 INFO  [org.jboss.as.naming] (MSC service thread 1-1) WFLYNAM0003: Starting Naming Service
[0m[0m06:01:37,121 INFO  [org.wildfly.extension.undertow] (ServerService Thread Pool -- 50) WFLYUT0014: Creating file handler for path '/workspace/spring-petclinic/keycloak-16.1.1/welcome-content' with options [directory-listing: 'false', follow-symlink: 'false', case-sensitive: 'true', safe-symlink-paths: '[]']
[0m[0m06:01:37,125 INFO  [org.jboss.as.mail.extension] (MSC service thread 1-1) WFLYMAIL0001: Bound mail session [java:jboss/mail/Default]
[0m[0m06:01:37,223 INFO  [org.jboss.as.ejb3] (MSC service thread 1-2) WFLYEJB0482: Strict pool mdb-strict-max-pool is using a max instance size of 4 (per class), which is derived from the number of CPUs on this host.
[0m[0m06:01:37,223 INFO  [org.jboss.as.ejb3] (MSC service thread 1-1) WFLYEJB0481: Strict pool slsb-strict-max-pool is using a max instance size of 16 (per class), which is derived from thread worker pool sizing.
[0m[0m06:01:37,541 INFO  [org.wildfly.extension.undertow] (MSC service thread 1-1) WFLYUT0012: Started server default-server.
[0m[0m06:01:37,622 INFO  [org.wildfly.extension.undertow] (MSC service thread 1-1) Queuing requests.
[0m[0m06:01:37,623 INFO  [org.wildfly.extension.undertow] (MSC service thread 1-1) WFLYUT0018: Host default-host starting
[0m[0m06:01:37,647 INFO  [org.wildfly.extension.undertow] (MSC service thread 1-1) WFLYUT0006: Undertow HTTP listener default listening on 0.0.0.0:8080
[0m[0m06:01:37,733 INFO  [org.jboss.as.ejb3] (MSC service thread 1-2) WFLYEJB0493: Jakarta Enterprise Beans subsystem suspension complete
[0m[0m06:01:37,745 INFO  [org.wildfly.extension.undertow] (MSC service thread 1-1) WFLYUT0006: Undertow HTTPS listener https listening on 0.0.0.0:8443
[0m[0m06:01:37,753 INFO  [org.jboss.as.patching] (MSC service thread 1-1) WFLYPAT0050: Keycloak cumulative patch ID is: base, one-off patches include: none
[0m[0m06:01:37,833 INFO  [org.jboss.as.server.deployment.scanner] (MSC service thread 1-1) WFLYDS0013: Started FileSystemDeploymentService for directory /workspace/spring-petclinic/keycloak-16.1.1/standalone/deployments
[0m[0m06:01:37,838 INFO  [org.jboss.as.server.deployment] (MSC service thread 1-2) WFLYSRV0027: Starting deployment of "keycloak-server.war" (runtime-name: "keycloak-server.war")
[0m[0m06:01:37,928 INFO  [org.jboss.as.connector.subsystems.datasources] (MSC service thread 1-2) WFLYJCA0001: Bound data source [java:jboss/datasources/KeycloakDS]
[0m[0m06:01:37,929 INFO  [org.jboss.as.connector.subsystems.datasources] (MSC service thread 1-2) WFLYJCA0001: Bound data source [java:jboss/datasources/ExampleDS]
[0m[0m06:01:38,942 INFO  [org.infinispan.CONTAINER] (ServerService Thread Pool -- 52) ISPN000128: Infinispan version: Infinispan 'Taedonggang' 12.1.7.Final
[0m[0m06:01:39,029 INFO  [org.infinispan.CONFIG] (MSC service thread 1-1) ISPN000152: Passivation configured without an eviction policy being selected. Only manually evicted entities will be passivated.
[0m[0m06:01:39,030 INFO  [org.infinispan.CONFIG] (MSC service thread 1-1) ISPN000152: Passivation configured without an eviction policy being selected. Only manually evicted entities will be passivated.
[0m[0m06:01:39,044 INFO  [org.infinispan.CONTAINER] (ServerService Thread Pool -- 52) ISPN000556: Starting user marshaller 'org.wildfly.clustering.infinispan.marshalling.jboss.JBossMarshaller'
[0m[0m06:01:39,044 INFO  [org.infinispan.CONTAINER] (ServerService Thread Pool -- 53) ISPN000556: Starting user marshaller 'org.wildfly.clustering.infinispan.spi.marshalling.InfinispanProtoStreamMarshaller'
[0m[0m06:01:39,624 INFO  [org.jboss.as.clustering.infinispan] (ServerService Thread Pool -- 53) WFLYCLINF0002: Started http-remoting-connector cache from ejb container
[0m[0m06:01:39,719 INFO  [org.jboss.as.clustering.infinispan] (ServerService Thread Pool -- 59) WFLYCLINF0002: Started offlineClientSessions cache from keycloak container
[0m[0m06:01:39,720 INFO  [org.jboss.as.clustering.infinispan] (ServerService Thread Pool -- 63) WFLYCLINF0002: Started clientSessions cache from keycloak container
[0m[0m06:01:39,720 INFO  [org.jboss.as.clustering.infinispan] (ServerService Thread Pool -- 64) WFLYCLINF0002: Started loginFailures cache from keycloak container
[0m[0m06:01:39,720 INFO  [org.jboss.as.clustering.infinispan] (ServerService Thread Pool -- 52) WFLYCLINF0002: Started work cache from keycloak container
[0m[0m06:01:39,719 INFO  [org.jboss.as.clustering.infinispan] (ServerService Thread Pool -- 61) WFLYCLINF0002: Started offlineSessions cache from keycloak container
[0m[0m06:01:39,720 INFO  [org.jboss.as.clustering.infinispan] (ServerService Thread Pool -- 60) WFLYCLINF0002: Started authenticationSessions cache from keycloak container
[0m[0m06:01:39,720 INFO  [org.jboss.as.clustering.infinispan] (ServerService Thread Pool -- 56) WFLYCLINF0002: Started sessions cache from keycloak container
[0m[0m06:01:39,720 INFO  [org.jboss.as.clustering.infinispan] (ServerService Thread Pool -- 57) WFLYCLINF0002: Started actionTokens cache from keycloak container
[0m[0m06:01:39,734 INFO  [org.jboss.as.clustering.infinispan] (ServerService Thread Pool -- 58) WFLYCLINF0002: Started authorization cache from keycloak container
[0m[0m06:01:39,734 INFO  [org.jboss.as.clustering.infinispan] (ServerService Thread Pool -- 62) WFLYCLINF0002: Started keys cache from keycloak container
[0m[0m06:01:39,734 INFO  [org.jboss.as.clustering.infinispan] (ServerService Thread Pool -- 55) WFLYCLINF0002: Started realms cache from keycloak container
[0m[0m06:01:39,734 INFO  [org.jboss.as.clustering.infinispan] (ServerService Thread Pool -- 54) WFLYCLINF0002: Started users cache from keycloak container
[0m[33m06:01:39,923 WARN  [org.jboss.as.server.deployment] (MSC service thread 1-1) WFLYSRV0273: Excluded subsystem webservices via jboss-deployment-structure.xml does not exist.
[0m[0m06:01:40,521 INFO  [org.keycloak.services] (ServerService Thread Pool -- 58) KC-SERVICES0001: Loading config from standalone.xml or domain.xml
[0m[0m06:01:41,145 INFO  [org.keycloak.url.DefaultHostnameProviderFactory] (ServerService Thread Pool -- 58) Frontend: <request>, Admin: <frontend>, Backend: <request>
[0m[0m06:01:41,625 INFO  [org.jboss.as.clustering.infinispan] (ServerService Thread Pool -- 58) WFLYCLINF0002: Started realmRevisions cache from keycloak container
[0m[0m06:01:41,631 INFO  [org.jboss.as.clustering.infinispan] (ServerService Thread Pool -- 58) WFLYCLINF0002: Started userRevisions cache from keycloak container
[0m[0m06:01:41,637 INFO  [org.jboss.as.clustering.infinispan] (ServerService Thread Pool -- 58) WFLYCLINF0002: Started authorizationRevisions cache from keycloak container
[0m[0m06:01:41,638 INFO  [org.keycloak.connections.infinispan.DefaultInfinispanConnectionProviderFactory] (ServerService Thread Pool -- 58) Node name: gitpoddemos-springpetcl-2bwmpdcaz5m, Site name: null
[0m[0m06:01:46,978 INFO  [org.keycloak.connections.jpa.DefaultJpaConnectionProviderFactory] (ServerService Thread Pool -- 58) Database info: {databaseUrl=jdbc:h2:/workspace/spring-petclinic/keycloak-16.1.1/standalone/data/keycloak, databaseUser=SA, databaseProduct=H2 1.4.197 (2018-03-18), databaseDriver=H2 JDBC Driver 1.4.197 (2018-03-18)}
[0m[0m06:01:47,701 INFO  [org.hibernate.jpa.internal.util.LogHelper] (ServerService Thread Pool -- 58) HHH000204: Processing PersistenceUnitInfo [
	name: keycloak-default
	...]
[0m[0m06:01:47,742 INFO  [org.hibernate.Version] (ServerService Thread Pool -- 58) HHH000412: Hibernate Core {5.3.24.Final}
[0m[0m06:01:47,743 INFO  [org.hibernate.cfg.Environment] (ServerService Thread Pool -- 58) HHH000206: hibernate.properties not found
[0m[0m06:01:47,852 INFO  [org.hibernate.annotations.common.Version] (ServerService Thread Pool -- 58) HCANN000001: Hibernate Commons Annotations {5.0.5.Final}
[0m[0m06:01:47,962 INFO  [org.hibernate.dialect.Dialect] (ServerService Thread Pool -- 58) HHH000400: Using dialect: org.hibernate.dialect.H2Dialect
[0m[0m06:01:48,000 INFO  [org.hibernate.envers.boot.internal.EnversServiceImpl] (ServerService Thread Pool -- 58) Envers integration enabled? : true
[0m[0m06:01:48,192 INFO  [org.hibernate.orm.beans] (ServerService Thread Pool -- 58) HHH10005002: No explicit CDI BeanManager reference was passed to Hibernate, but CDI is available on the Hibernate ClassLoader.
[0m[0m06:01:48,376 INFO  [org.hibernate.validator.internal.util.Version] (ServerService Thread Pool -- 58) HV000001: Hibernate Validator 6.0.22.Final
[0m[0m06:01:49,171 INFO  [org.hibernate.hql.internal.QueryTranslatorFactoryInitiator] (ServerService Thread Pool -- 58) HHH000397: Using ASTQueryTranslatorFactory
[0m[0m06:01:49,707 INFO  [org.keycloak.services] (ServerService Thread Pool -- 58) KC-SERVICES0006: Importing users from '/workspace/spring-petclinic/keycloak-16.1.1/standalone/configuration/keycloak-add-user.json'
[0m[33m06:01:49,857 WARN  [org.keycloak.services] (ServerService Thread Pool -- 58) KC-SERVICES0104: Not creating user admin. It already exists.
[0m[0m06:01:50,147 INFO  [org.jboss.resteasy.resteasy_jaxrs.i18n] (ServerService Thread Pool -- 58) RESTEASY002225: Deploying javax.ws.rs.core.Application: class org.keycloak.services.resources.KeycloakApplication
[0m[0m06:01:50,149 INFO  [org.jboss.resteasy.resteasy_jaxrs.i18n] (ServerService Thread Pool -- 58) RESTEASY002200: Adding class resource org.keycloak.services.resources.JsResource from Application class org.keycloak.services.resources.KeycloakApplication
[0m[0m06:01:50,149 INFO  [org.jboss.resteasy.resteasy_jaxrs.i18n] (ServerService Thread Pool -- 58) RESTEASY002205: Adding provider class org.keycloak.services.error.KeycloakErrorHandler from Application class org.keycloak.services.resources.KeycloakApplication
[0m[0m06:01:50,149 INFO  [org.jboss.resteasy.resteasy_jaxrs.i18n] (ServerService Thread Pool -- 58) RESTEASY002205: Adding provider class org.keycloak.services.filters.KeycloakSecurityHeadersFilter from Application class org.keycloak.services.resources.KeycloakApplication
[0m[0m06:01:50,149 INFO  [org.jboss.resteasy.resteasy_jaxrs.i18n] (ServerService Thread Pool -- 58) RESTEASY002200: Adding class resource org.keycloak.services.resources.ThemeResource from Application class org.keycloak.services.resources.KeycloakApplication
[0m[0m06:01:50,150 INFO  [org.jboss.resteasy.resteasy_jaxrs.i18n] (ServerService Thread Pool -- 58) RESTEASY002210: Adding provider singleton org.keycloak.services.util.ObjectMapperResolver from Application class org.keycloak.services.resources.KeycloakApplication
[0m[0m06:01:50,150 INFO  [org.jboss.resteasy.resteasy_jaxrs.i18n] (ServerService Thread Pool -- 58) RESTEASY002220: Adding singleton resource org.keycloak.services.resources.RealmsResource from Application class org.keycloak.services.resources.KeycloakApplication
[0m[0m06:01:50,150 INFO  [org.jboss.resteasy.resteasy_jaxrs.i18n] (ServerService Thread Pool -- 58) RESTEASY002220: Adding singleton resource org.keycloak.services.resources.WelcomeResource from Application class org.keycloak.services.resources.KeycloakApplication
[0m[0m06:01:50,150 INFO  [org.jboss.resteasy.resteasy_jaxrs.i18n] (ServerService Thread Pool -- 58) RESTEASY002220: Adding singleton resource org.keycloak.services.resources.RobotsResource from Application class org.keycloak.services.resources.KeycloakApplication
[0m[0m06:01:50,150 INFO  [org.jboss.resteasy.resteasy_jaxrs.i18n] (ServerService Thread Pool -- 58) RESTEASY002220: Adding singleton resource org.keycloak.services.resources.admin.AdminRoot from Application class org.keycloak.services.resources.KeycloakApplication
[0m[0m06:01:50,223 INFO  [org.wildfly.extension.undertow] (ServerService Thread Pool -- 58) WFLYUT0021: Registered web context: '/auth' for server 'default-server'
[0m[0m06:01:50,335 INFO  [org.jboss.as.server] (ServerService Thread Pool -- 42) WFLYSRV0010: Deployed "keycloak-server.war" (runtime-name : "keycloak-server.war")
[0m[0m06:01:50,364 INFO  [org.jboss.as.server] (Controller Boot Thread) WFLYSRV0212: Resuming server
[0m[0m06:01:50,366 INFO  [org.jboss.as] (Controller Boot Thread) WFLYSRV0025: Keycloak 16.1.1 (WildFly Core 18.0.4.Final) started in 17880ms - Started 573 of 851 services (576 services are lazy, passive or on-demand)
[0m[0m06:01:50,422 INFO  [org.jboss.as] (Controller Boot Thread) WFLYSRV0060: Http management interface listening on http://127.0.0.1:9990/management
[0m[0m06:01:50,422 INFO  [org.jboss.as] (Controller Boot Thread) WFLYSRV0051: Admin console listening on http://127.0.0.1:9990
[0m[33m06:17:23,192 WARN  [org.jboss.as.server.deployment.scanner] (DeploymentScanner-threads - 2) WFLYDS0037: /workspace/spring-petclinic/keycloak-16.1.1/standalone/deployments does not exist
[0m[33m06:17:23,192 WARN  [org.jboss.as.server.deployment.scanner] (DeploymentScanner-threads - 2) WFLYDS0043: Deployment directory scan failed due to inaccessible deployment directory: /workspace/spring-petclinic/keycloak-16.1.1/standalone/deployments
[0m[0m06:21:34,129 INFO  [org.jboss.as.repository] (ServerService Thread Pool -- 28) WFLYDR0011: Couldn't list directory files for /workspace/spring-petclinic/keycloak-16.1.1/standalone/data/content
[0m[0m06:26:34,130 INFO  [org.jboss.as.repository] (ServerService Thread Pool -- 28) WFLYDR0011: Couldn't list directory files for /workspace/spring-petclinic/keycloak-16.1.1/standalone/data/content
[0mdalone/configuration/keycloak-add-user.json'
2025-04-16 06:01:49,857 WARN  [org.keycloak.services] (ServerService Thread Pool -- 58) KC-SERVICES0104: Not creating user admin. It already exists.
2025-04-16 06:01:50,147 INFO  [org.jboss.resteasy.resteasy_jaxrs.i18n] (ServerService Thread Pool -- 58) RESTEASY002225: Deploying javax.ws.rs.core.Application: class org.keycloak.services.resources.KeycloakApplication
2025-04-16 06:01:50,149 INFO  [org.jboss.resteasy.resteasy_jaxrs.i18n] (ServerService Thread Pool -- 58) RESTEASY002200: Adding class resource org.keycloak.services.resources.JsResource from Application class org.keycloak.services.resources.KeycloakApplication
2025-04-16 06:01:50,149 INFO  [org.jboss.resteasy.resteasy_jaxrs.i18n] (ServerService Thread Pool -- 58) RESTEASY002205: Adding provider class org.keycloak.services.error.KeycloakErrorHandler from Application class org.keycloak.services.resources.KeycloakApplication
2025-04-16 06:01:50,149 INFO  [org.jboss.resteasy.resteasy_jaxrs.i18n] (ServerService Thread Pool -- 58) RESTEASY002205: Adding provider class org.keycloak.services.filters.KeycloakSecurityHeadersFilter from Application class org.keycloak.services.resources.KeycloakApplication
2025-04-16 06:01:50,149 INFO  [org.jboss.resteasy.resteasy_jaxrs.i18n] (ServerService Thread Pool -- 58) RESTEASY002200: Adding class resource org.keycloak.services.resources.ThemeResource from Application class org.keycloak.services.resources.KeycloakApplication
2025-04-16 06:01:50,150 INFO  [org.jboss.resteasy.resteasy_jaxrs.i18n] (ServerService Thread Pool -- 58) RESTEASY002210: Adding provider singleton org.keycloak.services.util.ObjectMapperResolver from Application class org.keycloak.services.resources.KeycloakApplication
2025-04-16 06:01:50,150 INFO  [org.jboss.resteasy.resteasy_jaxrs.i18n] (ServerService Thread Pool -- 58) RESTEASY002220: Adding singleton resource org.keycloak.services.resources.RealmsResource from Application class org.keycloak.services.resources.KeycloakApplication
2025-04-16 06:01:50,150 INFO  [org.jboss.resteasy.resteasy_jaxrs.i18n] (ServerService Thread Pool -- 58) RESTEASY002220: Adding singleton resource org.keycloak.services.resources.WelcomeResource from Application class org.keycloak.services.resources.KeycloakApplication
2025-04-16 06:01:50,150 INFO  [org.jboss.resteasy.resteasy_jaxrs.i18n] (ServerService Thread Pool -- 58) RESTEASY002220: Adding singleton resource org.keycloak.services.resources.RobotsResource from Application class org.keycloak.services.resources.KeycloakApplication
2025-04-16 06:01:50,150 INFO  [org.jboss.resteasy.resteasy_jaxrs.i18n] (ServerService Thread Pool -- 58) RESTEASY002220: Adding singleton resource org.keycloak.services.resources.admin.AdminRoot from Application class org.keycloak.services.resources.KeycloakApplication
2025-04-16 06:01:50,223 INFO  [org.wildfly.extension.undertow] (ServerService Thread Pool -- 58) WFLYUT0021: Registered web context: '/auth' for server 'default-server'
2025-04-16 06:01:50,335 INFO  [org.jboss.as.server] (ServerService Thread Pool -- 42) WFLYSRV0010: Deployed "keycloak-server.war" (runtime-name : "keycloak-server.war")
2025-04-16 06:01:50,364 INFO  [org.jboss.as.server] (Controller Boot Thread) WFLYSRV0212: Resuming server
2025-04-16 06:01:50,366 INFO  [org.jboss.as] (Controller Boot Thread) WFLYSRV0025: Keycloak 16.1.1 (WildFly Core 18.0.4.Final) started in 17880ms - Started 573 of 851 services (576 services are lazy, passive or on-demand)
2025-04-16 06:01:50,422 INFO  [org.jboss.as] (Controller Boot Thread) WFLYSRV0060: Http management interface listening on http://127.0.0.1:9990/management
2025-04-16 06:01:50,422 INFO  [org.jboss.as] (Controller Boot Thread) WFLYSRV0051: Admin console listening on http://127.0.0.1:9990
2025-04-16 06:17:23,192 WARN  [org.jboss.as.server.deployment.scanner] (DeploymentScanner-threads - 2) WFLYDS0037: /workspace/spring-petclinic/keycloak-16.1.1/standalone/deployments does not exist
2025-04-16 06:17:23,192 WARN  [org.jboss.as.server.deployment.scanner] (DeploymentScanner-threads - 2) WFLYDS0043: Deployment directory scan failed due to inaccessible deployment directory: /workspace/spring-petclinic/keycloak-16.1.1/standalone/deployments
2025-04-16 06:21:34,129 INFO  [org.jboss.as.repository] (ServerService Thread Pool -- 28) WFLYDR0011: Couldn't list directory files for /workspace/spring-petclinic/keycloak-16.1.1/standalone/data/content
2025-04-16 06:26:34,130 INFO  [org.jboss.as.repository] (ServerService Thread Pool -- 28) WFLYDR0011: Couldn't list directory files for /workspace/spring-petclinic/keycloak-16.1.1/standalone/data/content
